Using pre-set license
Built from '2020.3/staging' branch; Version is '2020.3.8f1 (507919d4fff5) revision 5273881'; Using compiler version '192528614'; Build Type 'Release'
OS: 'Windows 10 Pro; OS build 19042.985; Version 2009; 64bit' Language: 'ko' Physical Memory: 16335 MB
BatchMode: 1, IsHumanControllingUs: 0, StartBugReporterOnCrash: 0, Is64bit: 1, IsPro: 0

 COMMAND LINE ARGUMENTS:
C:\Program Files\Unity\Hub\Editor\2020.3.8f1\Editor\Unity.exe
-adb2
-batchMode
-noUpm
-name
AssetImportWorker0
-projectPath
D:/Work/RuningChicken
-logFile
Logs/AssetImportWorker0.log
-srvPort
11655
Successfully changed project path to: D:/Work/RuningChicken
D:/Work/RuningChicken
Using Asset Import Pipeline V2.
Refreshing native plugins compatible for Editor in 31.99 ms, found 1 plugins.
Preloading 0 native plugins for Editor in 0.00 ms.
Initialize engine version: 2020.3.8f1 (507919d4fff5)
[Subsystems] Discovering subsystems at path C:/Program Files/Unity/Hub/Editor/2020.3.8f1/Editor/Data/Resources/UnitySubsystems
[Subsystems] Discovering subsystems at path D:/Work/RuningChicken/Assets
GfxDevice: creating device client; threaded=0
Direct3D:
    Version:  Direct3D 11.0 [level 11.1]
    Renderer: NVIDIA GeForce GTX 1060 6GB (ID=0x1c03)
    Vendor:   
    VRAM:     6052 MB
    Driver:   27.21.14.6089
Initialize mono
Mono path[0] = 'C:/Program Files/Unity/Hub/Editor/2020.3.8f1/Editor/Data/Managed'
Mono path[1] = 'C:/Program Files/Unity/Hub/Editor/2020.3.8f1/Editor/Data/MonoBleedingEdge/lib/mono/unityjit'
Mono config path = 'C:/Program Files/Unity/Hub/Editor/2020.3.8f1/Editor/Data/MonoBleedingEdge/etc'
Using monoOptions --debugger-agent=transport=dt_socket,embedding=1,server=y,suspend=n,address=127.0.0.1:56508
Begin MonoManager ReloadAssembly
Registering precompiled unity dll's ...
Register platform support module: C:/Program Files/Unity/Hub/Editor/2020.3.8f1/Editor/Data/PlaybackEngines/WindowsStandaloneSupport/UnityEditor.WindowsStandalone.Extensions.dll
Registered in 0.002125 seconds.
Native extension for WindowsStandalone target not found
Refreshing native plugins compatible for Editor in 31.31 ms, found 1 plugins.
Preloading 0 native plugins for Editor in 0.00 ms.
Mono: successfully reloaded assembly
- Completed reload, in  1.943 seconds
Platform modules already initialized, skipping
Registering precompiled user dll's ...
Registered in 0.000550 seconds.
Begin MonoManager ReloadAssembly
Native extension for WindowsStandalone target not found
Refreshing native plugins compatible for Editor in 31.59 ms, found 1 plugins.
Preloading 0 native plugins for Editor in 0.00 ms.
Mono: successfully reloaded assembly
- Completed reload, in  0.804 seconds
Platform modules already initialized, skipping
========================================================================
Worker process is ready to serve import requests
Launched and connected shader compiler UnityShaderCompiler.exe after 0.04 seconds
Refreshing native plugins compatible for Editor in 0.37 ms, found 1 plugins.
Preloading 0 native plugins for Editor in 0.00 ms.
Unloading 1823 Unused Serialized files (Serialized files now loaded: 0)
System memory in use before: 85.3 MB.
System memory in use after: 85.3 MB.

Unloading 21 unused Assets to reduce memory usage. Loaded Objects now: 2270.
Total: 1.898700 ms (FindLiveObjects: 0.193700 ms CreateObjectMapping: 0.044900 ms MarkObjects: 1.568800 ms  DeleteObjects: 0.090400 ms)

========================================================================
Received Import Request.
  path: Assets/Prefabs/Lol.prefab
  artifactKey: Guid(344bb5fcc00e1a64a926f68113440b30) Importer(815301076,1909f56bfc062723c751e8b465ee728b)
Start importing Assets/Prefabs/Lol.prefab using Guid(344bb5fcc00e1a64a926f68113440b30) Importer(815301076,1909f56bfc062723c751e8b465ee728b)  -> (artifact id: 'f3d9a11944f97a5b6dacbc2e5ad76497') in 0.054851 seconds
  Import took 0.057651 seconds .

========================================================================
Received Import Request.
  Time since last request: 0.000210 seconds.
  path: Assets/Scripts/BGMovement.cs
  artifactKey: Guid(bc4ba43fef21ea74faff9b5217ec392b) Importer(815301076,1909f56bfc062723c751e8b465ee728b)
Start importing Assets/Scripts/BGMovement.cs using Guid(bc4ba43fef21ea74faff9b5217ec392b) Importer(815301076,1909f56bfc062723c751e8b465ee728b)  -> (artifact id: '019a5edc308b53573fbce0163485f36f') in 0.011630 seconds
  Import took 0.014077 seconds .

========================================================================
Received Import Request.
  Time since last request: 0.000302 seconds.
  path: Assets/StreamingAssets
  artifactKey: Guid(55aee030f8d4dba428f54114b2514c1e) Importer(815301076,1909f56bfc062723c751e8b465ee728b)
Start importing Assets/StreamingAssets using Guid(55aee030f8d4dba428f54114b2514c1e) Importer(815301076,1909f56bfc062723c751e8b465ee728b)  -> (artifact id: 'a1e59ea4b2066f47a7a6270c28d8e96d') in 0.005233 seconds
  Import took 0.007897 seconds .

========================================================================
Received Import Request.
  Time since last request: 0.485154 seconds.
  path: Assets/Scripts/BlockManager.cs
  artifactKey: Guid(d5e0d28d6002ff14091afcbdaaf20142) Importer(815301076,1909f56bfc062723c751e8b465ee728b)
Start importing Assets/Scripts/BlockManager.cs using Guid(d5e0d28d6002ff14091afcbdaaf20142) Importer(815301076,1909f56bfc062723c751e8b465ee728b)  -> (artifact id: '9e5a8380b6c8287ea4c533002ade92d1') in 0.005473 seconds
  Import took 0.008214 seconds .

========================================================================
Received Import Request.
  Time since last request: 0.022173 seconds.
  path: Assets/Scripts/BlockManager.cs
  artifactKey: Guid(d5e0d28d6002ff14091afcbdaaf20142) Importer(815301076,1909f56bfc062723c751e8b465ee728b)
Start importing Assets/Scripts/BlockManager.cs using Guid(d5e0d28d6002ff14091afcbdaaf20142) Importer(815301076,1909f56bfc062723c751e8b465ee728b)  -> (artifact id: '9e5a8380b6c8287ea4c533002ade92d1') in 0.002011 seconds
  Import took 0.004685 seconds .

========================================================================
Received Prepare
Refreshing native plugins compatible for Editor in 2.37 ms, found 1 plugins.
Preloading 0 native plugins for Editor in 0.00 ms.
Unloading 7 Unused Serialized files (Serialized files now loaded: 0)
System memory in use before: 49.2 MB.
System memory in use after: 49.3 MB.

Unloading 7 unused Assets to reduce memory usage. Loaded Objects now: 2270.
Total: 2.395100 ms (FindLiveObjects: 0.202400 ms CreateObjectMapping: 0.039200 ms MarkObjects: 2.086900 ms  DeleteObjects: 0.065500 ms)

========================================================================
Received Import Request.
  Time since last request: 30.092190 seconds.
  path: Assets/Scripts/BlockManager.cs
  artifactKey: Guid(d5e0d28d6002ff14091afcbdaaf20142) Importer(815301076,1909f56bfc062723c751e8b465ee728b)
Start importing Assets/Scripts/BlockManager.cs using Guid(d5e0d28d6002ff14091afcbdaaf20142) Importer(815301076,1909f56bfc062723c751e8b465ee728b)  -> (artifact id: '41a4aeeb6ce175f54388ae6213ef6ac2') in 0.002914 seconds
  Import took 0.006095 seconds .

========================================================================
Received Prepare
Registering precompiled user dll's ...
Registered in 0.001029 seconds.
Begin MonoManager ReloadAssembly
Native extension for WindowsStandalone target not found
Refreshing native plugins compatible for Editor in 0.38 ms, found 1 plugins.
Preloading 0 native plugins for Editor in 0.00 ms.
Mono: successfully reloaded assembly
- Completed reload, in  0.752 seconds
Platform modules already initialized, skipping
Refreshing native plugins compatible for Editor in 0.37 ms, found 1 plugins.
Preloading 0 native plugins for Editor in 0.00 ms.
Unloading 1815 Unused Serialized files (Serialized files now loaded: 0)
System memory in use before: 85.0 MB.
System memory in use after: 85.0 MB.

Unloading 9 unused Assets to reduce memory usage. Loaded Objects now: 2274.
Total: 1.929900 ms (FindLiveObjects: 0.197700 ms CreateObjectMapping: 0.039600 ms MarkObjects: 1.630400 ms  DeleteObjects: 0.061400 ms)

AssetImportWorkerClient::OnTransportError - code=2 error=End of file
